<?xml version="1.0" encoding="UTF-8"?>
<!-- Generated by org.testng.reporters.JUnitXMLReporter -->
<testsuite hostname="DESKTOP-RIONQTI" ignored="0" name="Test" tests="8" failures="0" timestamp="2020-09-22T10:06:39 CAT" time="121.828" errors="0">
  <testcase name="test1" time="3.234" classname="selenium.Class1"/>
  <testcase name="test2" time="2.763" classname="selenium.Class1"/>
  <testcase name="test3" time="4.138" classname="selenium.Class1"/>
  <testcase name="test4" time="18.698" classname="selenium.Class1"/>
  <testcase name="test1" time="4.642" classname="selenium.Class2"/>
  <testcase name="test2" time="2.76" classname="selenium.Class2"/>
  <testcase name="test3" time="4.938" classname="selenium.Class2"/>
  <testcase name="test4" time="22.411" classname="selenium.Class2"/>
</testsuite> <!-- Test -->
